
Showing logs for build [32mcb-kubecd-bdd-gh-1583030582-pr-kl7tk-1[0m stage [32mfrom-build-pack[0m and container [32mstep-credential-initializer-w9pn7[0m
{"level":"warn","ts":1583032048.739303,"logger":"fallback-logger","caller":"logging/config.go:69","msg":"Fetch GitHub commit ID from kodata failed: \"ref: refs/heads/0.8.0-**-support-backwards-incompats\" is not a valid GitHub commit ID"}
{"level":"info","ts":1583032048.7397368,"logger":"fallback-logger","caller":"creds-init/main.go:40","msg":"Credentials initialized."}

Showing logs for build [32mcb-kubecd-bdd-gh-1583030582-pr-kl7tk-1[0m stage [32mfrom-build-pack[0m and container [32mstep-working-dir-initializer-fthnj[0m
{"level":"warn","ts":1583032049.8018036,"logger":"fallback-logger","caller":"logging/config.go:69","msg":"Fetch GitHub commit ID from kodata failed: open /var/run/ko/HEAD: no such file or directory"}
{"level":"info","ts":1583032049.8034477,"logger":"fallback-logger","caller":"bash/main.go:64","msg":"Successfully executed command \"sh -c mkdir -p /workspace/source\"; output "}

Showing logs for build [32mcb-kubecd-bdd-gh-1583030582-pr-kl7tk-1[0m stage [32mfrom-build-pack[0m and container [32mstep-place-tools[0m

Showing logs for build [32mcb-kubecd-bdd-gh-1583030582-pr-kl7tk-1[0m stage [32mfrom-build-pack[0m and container [32mstep-git-source-cb-kubecd-bdd-gh-1583030582-pr-kl7tk-hccbg[0m
{"level":"warn","ts":1583032055.8585298,"logger":"fallback-logger","caller":"logging/config.go:69","msg":"Fetch GitHub commit ID from kodata failed: \"ref: refs/heads/0.8.0-**-support-backwards-incompats\" is not a valid GitHub commit ID"}
{"level":"info","ts":1583032056.926182,"logger":"fallback-logger","caller":"git/git.go:103","msg":"Successfully cloned https://github.com/cb-kubecd/bdd-gh-1583030582.git @ master in path /workspace/source"}

Showing logs for build [32mcb-kubecd-bdd-gh-1583030582-pr-kl7tk-1[0m stage [32mfrom-build-pack[0m and container [32mstep-git-merge[0m
Using SHAs from PULL_REFS=master:81b3e2677aa59c0e9502c45c901fa4d97bb80c8a,1:ba11faddbbf72083148ddd6ee1fedbaa23fecc8a
DEBUG: LC_ALL=C JX_LOG_LEVEL=error git fetch origin --unshallow ba11faddbbf72083148ddd6ee1fedbaa23fecc8a: 81b3e2677aa59c0e9502c45c901fa4d97bb80c8a:
DEBUG: ran git fetch --unshallow origin ba11faddbbf72083148ddd6ee1fedbaa23fecc8a: 81b3e2677aa59c0e9502c45c901fa4d97bb80c8a: in 
DEBUG: LC_ALL=C JX_LOG_LEVEL=error git branch
DEBUG: JX_LOG_LEVEL=error LC_ALL=C git checkout master
DEBUG: ran git checkout master in 
DEBUG: LC_ALL=C JX_LOG_LEVEL=error git reset --hard 81b3e2677aa59c0e9502c45c901fa4d97bb80c8a
DEBUG: ran git reset --hard 81b3e2677aa59c0e9502c45c901fa4d97bb80c8a in 
DEBUG: LC_ALL=C JX_LOG_LEVEL=error git clean -fd .
DEBUG: ran clean --force -d . in 
DEBUG: JX_LOG_LEVEL=error LC_ALL=C git merge ba11faddbbf72083148ddd6ee1fedbaa23fecc8a
DEBUG: ran git merge ba11faddbbf72083148ddd6ee1fedbaa23fecc8a in 
DEBUG: LC_ALL=C JX_LOG_LEVEL=error git log --format=%H%x1f%an%x1f%ae%x1f%cn%x1f%ce%x1f%s%n%b%x1e 81b3e2677aa59c0e9502c45c901fa4d97bb80c8a..HEAD
Merged SHA ba11faddbbf72083148ddd6ee1fedbaa23fecc8a with commit message 'My first PR commit' into base branch master

Showing logs for build [32mcb-kubecd-bdd-gh-1583030582-pr-kl7tk-1[0m stage [32mfrom-build-pack[0m and container [32mstep-build-make-linux[0m
CGO_ENABLED=0 GOOS=linux GOARCH=amd64 GO15VENDOREXPERIMENT=1 go build -ldflags '' -o bin/bdd-gh-1583030582 main.go

Showing logs for build [32mcb-kubecd-bdd-gh-1583030582-pr-kl7tk-1[0m stage [32mfrom-build-pack[0m and container [32mstep-build-container-build[0m
[36mINFO[0m[0000] No base image, nothing to extract            
[36mINFO[0m[0000] cmd: EXPOSE                                  
[36mINFO[0m[0000] Adding exposed port: 8080/tcp                
[36mINFO[0m[0000] Using files from context: [/workspace/source/bin] 
[36mINFO[0m[0000] Skipping unpacking as no commands require it. 
[36mINFO[0m[0000] Taking snapshot of full filesystem...        
[36mINFO[0m[0000] EXPOSE 8080                                  
[36mINFO[0m[0000] cmd: EXPOSE                                  
[36mINFO[0m[0000] Adding exposed port: 8080/tcp                
[36mINFO[0m[0000] No files changed in this command, skipping snapshotting. 
[36mINFO[0m[0000] ENTRYPOINT ["/bdd-gh-1583030582"]            
[36mINFO[0m[0000] No files changed in this command, skipping snapshotting. 
[36mINFO[0m[0000] Using files from context: [/workspace/source/bin] 
[36mINFO[0m[0000] COPY ./bin/ /                                
[36mINFO[0m[0000] Taking snapshot of files...                  
2020/03/01 03:07:53 pushed blob: sha256:8a53c56bb979081f179b1d291c1383246d170e2d0c7585e410b49fee894a5ef4
2020/03/01 03:07:54 pushed blob: sha256:24276c213f409900947f2e7d7666f100aafd040bcafab2c5ab185a3a08f2bc01
2020/03/01 03:07:56 gcr.io/jenkins-x-bdd3/bdd-gh-1583030582:0.0.0-SNAPSHOT-PR-1-1: digest: sha256:a52f933bb1dbceb015497e22d00a1825238cf3c3c83ddb397f2a1c950651b622 size: 428

Showing logs for build [32mcb-kubecd-bdd-gh-1583030582-pr-kl7tk-1[0m stage [32mfrom-build-pack[0m and container [32mstep-postbuild-post-build[0m
no CVE provider running in the current ** namespace so skip adding image to be analysed

Showing logs for build [32mcb-kubecd-bdd-gh-1583030582-pr-kl7tk-1[0m stage [32mfrom-build-pack[0m and container [32mstep-promote-make-preview[0m
sed -i -e "s/version:.*/version: 0.0.0-SNAPSHOT-PR-1-1/" Chart.yaml
sed -i -e "s/version:.*/version: 0.0.0-SNAPSHOT-PR-1-1/" ../*/Chart.yaml
sed -i -e "s|repository:.*|repository: gcr.io\/jenkins-x-bdd3\/bdd-gh-1583030582|" values.yaml
sed -i -e "s/tag:.*/tag: 0.0.0-SNAPSHOT-PR-1-1/" values.yaml
echo "  version: 0.0.0-SNAPSHOT-PR-1-1" >> requirements.yaml
** step helm build
WARNING: No $CHART_REPOSITORY defined so using the default value of: http://jenkins-x-chartmuseum:8080
Adding missing Helm repo: storage.googleapis.com https://storage.googleapis.com/chartmuseum.jenkins-x.io
WARNING: No secrets found on "helm/repos" due: reading the secret "helm/repos" from vault: no secret "helm/repos" not found in vault
Read credentials for https://storage.googleapis.com/chartmuseum.jenkins-x.io from vault helm/repos
Successfully added Helm repository storage.googleapis.com.
Adding missing Helm repo: jenkins-x-chartmuseum http://jenkins-x-chartmuseum:8080
WARNING: No secrets found on "helm/repos" due: reading the secret "helm/repos" from vault: no secret "helm/repos" not found in vault
Read credentials for http://jenkins-x-chartmuseum:8080 from vault helm/repos
Successfully added Helm repository jenkins-x-chartmuseum.
WARNING: No $CHART_REPOSITORY defined so using the default value of: http://jenkins-x-chartmuseum:8080
Adding missing Helm repo: chartmuseum.jenkins-x.io http://chartmuseum.jenkins-x.io
WARNING: No secrets found on "helm/repos" due: reading the secret "helm/repos" from vault: no secret "helm/repos" not found in vault
Read credentials for http://chartmuseum.jenkins-x.io from vault helm/repos
Successfully added Helm repository chartmuseum.jenkins-x.io.

Showing logs for build [32mcb-kubecd-bdd-gh-1583030582-pr-kl7tk-1[0m stage [32mfrom-build-pack[0m and container [32mstep-promote-jx-preview[0m
Creating a preview
Created environment cb-kubecd-bdd-gh-1583030582-pr-1
Namespace **-cb-kubecd-bdd-gh-1583030582-pr-1 created 
expose:
  Annotations:
    helm.sh/hook: post-install,post-upgrade
    helm.sh/hook-delete-policy: hook-succeeded
  config:
    domain: 35.190.204.96.nip.io
    exposer: Ingress
    http: "true"
preview:
  image:
    repository: gcr.io/jenkins-x-bdd3/bdd-gh-1583030582
    tag: 0.0.0-SNAPSHOT-PR-1-1

Updating PipelineActivities cb-kubecd-bdd-gh-1583030582-pr-1-1 which has status Running
Preview application is now available at: http://bdd-gh-1583030582.**-cb-kubecd-bdd-gh-1583030582-pr-1.35.190.204.96.nip.io
